<?xml version="1.0" encoding="UTF-8"?>
<testng-results ignored="0" total="2" passed="2" failed="0" skipped="0">
  <reporter-output>
  </reporter-output>
  <suite started-at="2024-01-09T15:03:39 IST" name="Suite" finished-at="2024-01-09T15:03:45 IST" duration-ms="6444">
    <groups>
    </groups>
    <test started-at="2024-01-09T15:03:39 IST" name="Test" finished-at="2024-01-09T15:03:45 IST" duration-ms="6444">
      <class name="com.swaglabs.TsetCases.OverviewPagetest">
        <test-method is-config="true" signature="reports()[pri:0, instance:com.swaglabs.TsetCases.OverviewPagetest@15c43bd9]" started-at="2024-01-09T15:03:38 IST" name="reports" finished-at="2024-01-09T15:03:39 IST" duration-ms="385" status="PASS">
          <reporter-output>
          </reporter-output>
        </test-method> <!-- reports -->
        <test-method is-config="true" signature="setUpBrowser()[pri:0, instance:com.swaglabs.TsetCases.OverviewPagetest@15c43bd9]" started-at="2024-01-09T15:03:39 IST" name="setUpBrowser" finished-at="2024-01-09T15:03:42 IST" duration-ms="3424" status="PASS">
          <reporter-output>
          </reporter-output>
        </test-method> <!-- setUpBrowser -->
        <test-method is-config="true" signature="pageSetup()[pri:0, instance:com.swaglabs.TsetCases.OverviewPagetest@15c43bd9]" started-at="2024-01-09T15:03:42 IST" name="pageSetup" finished-at="2024-01-09T15:03:45 IST" duration-ms="2600" status="PASS">
          <reporter-output>
          </reporter-output>
        </test-method> <!-- pageSetup -->
        <test-method signature="verifysummury()[pri:1, instance:com.swaglabs.TsetCases.OverviewPagetest@15c43bd9]" started-at="2024-01-09T15:03:45 IST" name="verifysummury" finished-at="2024-01-09T15:03:45 IST" duration-ms="141" status="PASS">
          <reporter-output>
          </reporter-output>
        </test-method> <!-- verifysummury -->
        <test-method signature="verifyfinish()[pri:2, instance:com.swaglabs.TsetCases.OverviewPagetest@15c43bd9]" started-at="2024-01-09T15:03:45 IST" name="verifyfinish" finished-at="2024-01-09T15:03:45 IST" duration-ms="140" status="PASS">
          <reporter-output>
          </reporter-output>
        </test-method> <!-- verifyfinish -->
        <test-method is-config="true" signature="teardown()[pri:0, instance:com.swaglabs.TsetCases.OverviewPagetest@15c43bd9]" started-at="2024-01-09T15:03:45 IST" name="teardown" finished-at="2024-01-09T15:03:45 IST" duration-ms="93" status="PASS">
          <reporter-output>
          </reporter-output>
        </test-method> <!-- teardown -->
        <test-method is-config="true" signature="exitReport()[pri:0, instance:com.swaglabs.TsetCases.OverviewPagetest@15c43bd9]" started-at="2024-01-09T15:03:45 IST" name="exitReport" finished-at="2024-01-09T15:03:45 IST" duration-ms="394" status="PASS">
          <reporter-output>
          </reporter-output>
        </test-method> <!-- exitReport -->
      </class> <!-- com.swaglabs.TsetCases.OverviewPagetest -->
    </test> <!-- Test -->
  </suite> <!-- Suite -->
</testng-results>
