<?xml version="1.0" encoding="UTF-8"?>
<testng-results ignored="0" total="2" passed="2" failed="0" skipped="0">
  <reporter-output>
  </reporter-output>
  <suite started-at="2024-01-09T15:57:20 IST" name="Suite" finished-at="2024-01-09T15:57:24 IST" duration-ms="4225">
    <groups>
    </groups>
    <test started-at="2024-01-09T15:57:20 IST" name="Test" finished-at="2024-01-09T15:57:24 IST" duration-ms="4225">
      <class name="com.swaglabs.TsetCases.OverviewPagetest">
        <test-method is-config="true" signature="reports()[pri:0, instance:com.swaglabs.TsetCases.OverviewPagetest@130c12b7]" started-at="2024-01-09T15:57:19 IST" name="reports" finished-at="2024-01-09T15:57:20 IST" duration-ms="250" status="PASS">
          <reporter-output>
          </reporter-output>
        </test-method> <!-- reports -->
        <test-method is-config="true" signature="setUpBrowser()[pri:0, instance:com.swaglabs.TsetCases.OverviewPagetest@130c12b7]" started-at="2024-01-09T15:57:20 IST" name="setUpBrowser" finished-at="2024-01-09T15:57:22 IST" duration-ms="2316" status="PASS">
          <reporter-output>
          </reporter-output>
        </test-method> <!-- setUpBrowser -->
        <test-method is-config="true" signature="pageSetup()[pri:0, instance:com.swaglabs.TsetCases.OverviewPagetest@130c12b7]" started-at="2024-01-09T15:57:22 IST" name="pageSetup" finished-at="2024-01-09T15:57:24 IST" duration-ms="1596" status="PASS">
          <reporter-output>
          </reporter-output>
        </test-method> <!-- pageSetup -->
        <test-method signature="verifysummury()[pri:1, instance:com.swaglabs.TsetCases.OverviewPagetest@130c12b7]" started-at="2024-01-09T15:57:24 IST" name="verifysummury" finished-at="2024-01-09T15:57:24 IST" duration-ms="99" status="PASS">
          <reporter-output>
          </reporter-output>
        </test-method> <!-- verifysummury -->
        <test-method signature="verifyfinish()[pri:2, instance:com.swaglabs.TsetCases.OverviewPagetest@130c12b7]" started-at="2024-01-09T15:57:24 IST" name="verifyfinish" finished-at="2024-01-09T15:57:24 IST" duration-ms="85" status="PASS">
          <reporter-output>
          </reporter-output>
        </test-method> <!-- verifyfinish -->
        <test-method is-config="true" signature="teardown()[pri:0, instance:com.swaglabs.TsetCases.OverviewPagetest@130c12b7]" started-at="2024-01-09T15:57:24 IST" name="teardown" finished-at="2024-01-09T15:57:24 IST" duration-ms="95" status="PASS">
          <reporter-output>
          </reporter-output>
        </test-method> <!-- teardown -->
        <test-method is-config="true" signature="exitReport()[pri:0, instance:com.swaglabs.TsetCases.OverviewPagetest@130c12b7]" started-at="2024-01-09T15:57:24 IST" name="exitReport" finished-at="2024-01-09T15:57:24 IST" duration-ms="253" status="PASS">
          <reporter-output>
          </reporter-output>
        </test-method> <!-- exitReport -->
      </class> <!-- com.swaglabs.TsetCases.OverviewPagetest -->
    </test> <!-- Test -->
  </suite> <!-- Suite -->
</testng-results>
