<?xml version="1.0" encoding="UTF-8"?>
<testng-results ignored="0" total="2" passed="2" failed="0" skipped="0">
  <reporter-output>
  </reporter-output>
  <suite started-at="2024-01-06T12:31:07 IST" name="Suite" finished-at="2024-01-06T12:31:13 IST" duration-ms="6427">
    <groups>
    </groups>
    <test started-at="2024-01-06T12:31:07 IST" name="Test" finished-at="2024-01-06T12:31:13 IST" duration-ms="6427">
      <class name="com.swaglabs.TsetCases.OverviewPagetest">
        <test-method is-config="true" signature="reports()[pri:0, instance:com.swaglabs.TsetCases.OverviewPagetest@130c12b7]" started-at="2024-01-06T12:31:06 IST" name="reports" finished-at="2024-01-06T12:31:07 IST" duration-ms="430" status="PASS">
          <reporter-output>
          </reporter-output>
        </test-method> <!-- reports -->
        <test-method is-config="true" signature="setUpBrowser()[pri:0, instance:com.swaglabs.TsetCases.OverviewPagetest@130c12b7]" started-at="2024-01-06T12:31:07 IST" name="setUpBrowser" finished-at="2024-01-06T12:31:10 IST" duration-ms="3482" status="PASS">
          <reporter-output>
          </reporter-output>
        </test-method> <!-- setUpBrowser -->
        <test-method is-config="true" signature="pageSetup()[pri:0, instance:com.swaglabs.TsetCases.OverviewPagetest@130c12b7]" started-at="2024-01-06T12:31:10 IST" name="pageSetup" finished-at="2024-01-06T12:31:13 IST" duration-ms="2497" status="PASS">
          <reporter-output>
          </reporter-output>
        </test-method> <!-- pageSetup -->
        <test-method signature="verifysummury()[pri:1, instance:com.swaglabs.TsetCases.OverviewPagetest@130c12b7]" started-at="2024-01-06T12:31:13 IST" name="verifysummury" finished-at="2024-01-06T12:31:13 IST" duration-ms="132" status="PASS">
          <reporter-output>
          </reporter-output>
        </test-method> <!-- verifysummury -->
        <test-method signature="verifyfinish()[pri:2, instance:com.swaglabs.TsetCases.OverviewPagetest@130c12b7]" started-at="2024-01-06T12:31:13 IST" name="verifyfinish" finished-at="2024-01-06T12:31:13 IST" duration-ms="124" status="PASS">
          <reporter-output>
          </reporter-output>
        </test-method> <!-- verifyfinish -->
        <test-method is-config="true" signature="teardown()[pri:0, instance:com.swaglabs.TsetCases.OverviewPagetest@130c12b7]" started-at="2024-01-06T12:31:13 IST" name="teardown" finished-at="2024-01-06T12:31:13 IST" duration-ms="140" status="PASS">
          <reporter-output>
          </reporter-output>
        </test-method> <!-- teardown -->
        <test-method is-config="true" signature="exitReport()[pri:0, instance:com.swaglabs.TsetCases.OverviewPagetest@130c12b7]" started-at="2024-01-06T12:31:13 IST" name="exitReport" finished-at="2024-01-06T12:31:14 IST" duration-ms="376" status="PASS">
          <reporter-output>
          </reporter-output>
        </test-method> <!-- exitReport -->
      </class> <!-- com.swaglabs.TsetCases.OverviewPagetest -->
    </test> <!-- Test -->
  </suite> <!-- Suite -->
</testng-results>
